2026-03-11T00:01:34.856+03:00  INFO 18268 --- [schedula] [restartedMain] c.schedula.schedula.SchedulaApplication  : Starting SchedulaApplication using Java 21.0.9 with PID 18268 (D:\SpringBootProjects\projectSaaS\Schedula\schedula\target\classes started by pc in D:\SpringBootProjects\projectSaaS\Schedula\schedula)
2026-03-11T00:01:34.866+03:00 DEBUG 18268 --- [schedula] [restartedMain] c.schedula.schedula.SchedulaApplication  : Running with Spring Boot v4.0.0, Spring v7.0.1
2026-03-11T00:01:34.870+03:00  INFO 18268 --- [schedula] [restartedMain] c.schedula.schedula.SchedulaApplication  : No active profile set, falling back to 1 default profile: "default"
2026-03-11T00:01:35.204+03:00  INFO 18268 --- [schedula] [restartedMain] .e.DevToolsPropertyDefaultsPostProcessor : Devtools property defaults active! Set 'spring.devtools.add-properties' to 'false' to disable
2026-03-11T00:01:35.206+03:00  INFO 18268 --- [schedula] [restartedMain] .e.DevToolsPropertyDefaultsPostProcessor : For additional web related logging consider setting the 'logging.level.web' property to 'DEBUG'
2026-03-11T00:01:40.659+03:00  INFO 18268 --- [schedula] [restartedMain] .s.d.r.c.RepositoryConfigurationDelegate : Multiple Spring Data modules found, entering strict repository configuration mode
2026-03-11T00:01:40.661+03:00  INFO 18268 --- [schedula] [restartedMain] .s.d.r.c.RepositoryConfigurationDelegate : Bootstrapping Spring Data JPA repositories in DEFAULT mode.
2026-03-11T00:01:42.011+03:00  INFO 18268 --- [schedula] [restartedMain] .s.d.r.c.RepositoryConfigurationDelegate : Finished Spring Data repository scanning in 1288 ms. Found 6 JPA repository interfaces.
2026-03-11T00:01:49.631+03:00  INFO 18268 --- [schedula] [restartedMain] o.s.boot.tomcat.TomcatWebServer          : Tomcat initialized with port 8080 (http)
2026-03-11T00:01:49.667+03:00  INFO 18268 --- [schedula] [restartedMain] o.apache.catalina.core.StandardService   : Starting service [Tomcat]
2026-03-11T00:01:49.668+03:00  INFO 18268 --- [schedula] [restartedMain] o.apache.catalina.core.StandardEngine    : Starting Servlet engine: [Apache Tomcat/11.0.14]
2026-03-11T00:01:49.825+03:00  INFO 18268 --- [schedula] [restartedMain] b.w.c.s.WebApplicationContextInitializer : Root WebApplicationContext: initialization completed in 14615 ms
2026-03-11T00:01:50.842+03:00  WARN 18268 --- [schedula] [restartedMain] .d.DefaultDnsServerAddressStreamProvider : Default DNS servers: [/[2001:4860:4860:0:0:0:0:8888]:53, /[2001:4860:4860:0:0:0:0:8844]:53] (Google Public DNS as a fallback)
2026-03-11T00:01:52.689+03:00 DEBUG 18268 --- [schedula] [restartedMain] c.s.schedula.config.JWT.JwtFilter        : Filter 'jwtFilter' configured for use
2026-03-11T00:01:53.084+03:00  INFO 18268 --- [schedula] [restartedMain] o.hibernate.jpa.internal.util.LogHelper  : HHH000204: Processing PersistenceUnitInfo [name: default]
2026-03-11T00:01:53.458+03:00  INFO 18268 --- [schedula] [restartedMain] org.hibernate.Version                    : HHH000412: Hibernate ORM core version 7.1.8.Final
2026-03-11T00:01:57.396+03:00  INFO 18268 --- [schedula] [restartedMain] o.s.o.j.p.SpringPersistenceUnitInfo      : No LoadTimeWeaver setup: ignoring JPA class transformer
2026-03-11T00:01:57.610+03:00  INFO 18268 --- [schedula] [restartedMain] com.zaxxer.hikari.HikariDataSource       : HikariPool-1 - Starting...
2026-03-11T00:01:58.279+03:00  INFO 18268 --- [schedula] [restartedMain] com.zaxxer.hikari.pool.HikariPool        : HikariPool-1 - Added connection org.postgresql.jdbc.PgConnection@5071a794
2026-03-11T00:01:58.281+03:00  INFO 18268 --- [schedula] [restartedMain] com.zaxxer.hikari.HikariDataSource       : HikariPool-1 - Start completed.
2026-03-11T00:01:58.493+03:00  INFO 18268 --- [schedula] [restartedMain] org.hibernate.orm.connections.pooling    : HHH10001005: Database info:
	Database JDBC URL [jdbc:postgresql://localhost:5432/SchedulaDB]
	Database driver: PostgreSQL JDBC Driver
	Database dialect: PostgreSQLDialect
	Database version: 17.7
	Default catalog/schema: SchedulaDB/public
	Autocommit mode: undefined/unknown
	Isolation level: READ_COMMITTED [default READ_COMMITTED]
	JDBC fetch size: none
	Pool: DatasourceConnectionProviderImpl
	Minimum pool size: undefined/unknown
	Maximum pool size: undefined/unknown
2026-03-11T00:02:02.809+03:00  INFO 18268 --- [schedula] [restartedMain] o.h.e.t.j.p.i.JtaPlatformInitiator       : HHH000489: No JTA platform available (set 'hibernate.transaction.jta.platform' to enable JTA platform integration)
2026-03-11T00:02:02.827+03:00  INFO 18268 --- [schedula] [restartedMain] org.hibernate.orm.jdbc.batch             : HHH100501: Automatic JDBC statement batching enabled (maximum batch size 20)
2026-03-11T00:02:03.287+03:00  INFO 18268 --- [schedula] [restartedMain] j.LocalContainerEntityManagerFactoryBean : Initialized JPA EntityManagerFactory for persistence unit 'default'
2026-03-11T00:02:03.743+03:00  INFO 18268 --- [schedula] [restartedMain] o.s.d.j.r.query.QueryEnhancerFactories   : Hibernate is in classpath; If applicable, HQL parser will be used.
2026-03-11T00:02:05.349+03:00  INFO 18268 --- [schedula] [restartedMain] eAuthenticationProviderManagerConfigurer : Global AuthenticationManager configured with AuthenticationProvider bean with name authenticationProvider
2026-03-11T00:02:05.354+03:00  WARN 18268 --- [schedula] [restartedMain] r$InitializeUserDetailsManagerConfigurer : Global AuthenticationManager configured with an AuthenticationProvider bean. UserDetailsService beans will not be used by Spring Security for automatically configuring username/password login. Consider removing the AuthenticationProvider bean. Alternatively, consider using the UserDetailsService in a manually instantiated DaoAuthenticationProvider. If the current configuration is intentional, to turn off this warning, increase the logging level of 'org.springframework.security.config.annotation.authentication.configuration.InitializeUserDetailsBeanManagerConfigurer' to ERROR
2026-03-11T00:02:11.468+03:00  INFO 18268 --- [schedula] [restartedMain] o.s.b.a.e.web.EndpointLinksResolver      : Exposing 1 endpoint beneath base path '/actuator'
2026-03-11T00:02:12.282+03:00  INFO 18268 --- [schedula] [restartedMain] o.s.boot.tomcat.TomcatWebServer          : Tomcat started on port 8080 (http) with context path '/'
2026-03-11T00:02:12.352+03:00  INFO 18268 --- [schedula] [restartedMain] c.schedula.schedula.SchedulaApplication  : Started SchedulaApplication in 40.019 seconds (process running for 42.128)
2026-03-11T00:02:12.408+03:00  WARN 18268 --- [schedula] [restartedMain] o.s.core.events.SpringDocAppInitializer  : SpringDoc /v3/api-docs endpoint is enabled by default. To disable it in production, set the property 'springdoc.api-docs.enabled=false'
2026-03-11T00:02:12.410+03:00  WARN 18268 --- [schedula] [restartedMain] o.s.core.events.SpringDocAppInitializer  : SpringDoc /swagger-ui.html endpoint is enabled by default. To disable it in production, set the property 'springdoc.swagger-ui.enabled=false'
2026-03-11T15:30:49.079+03:00  INFO 6208 --- [schedula] [restartedMain] c.schedula.schedula.SchedulaApplication  : Starting SchedulaApplication using Java 21.0.9 with PID 6208 (D:\SpringBootProjects\projectSaaS\Schedula\schedula\target\classes started by pc in D:\SpringBootProjects\projectSaaS\Schedula\schedula)
2026-03-11T15:30:49.092+03:00 DEBUG 6208 --- [schedula] [restartedMain] c.schedula.schedula.SchedulaApplication  : Running with Spring Boot v4.0.0, Spring v7.0.1
2026-03-11T15:30:49.093+03:00  INFO 6208 --- [schedula] [restartedMain] c.schedula.schedula.SchedulaApplication  : No active profile set, falling back to 1 default profile: "default"
2026-03-11T15:30:49.311+03:00  INFO 6208 --- [schedula] [restartedMain] .e.DevToolsPropertyDefaultsPostProcessor : Devtools property defaults active! Set 'spring.devtools.add-properties' to 'false' to disable
2026-03-11T15:30:49.313+03:00  INFO 6208 --- [schedula] [restartedMain] .e.DevToolsPropertyDefaultsPostProcessor : For additional web related logging consider setting the 'logging.level.web' property to 'DEBUG'
2026-03-11T15:30:53.950+03:00  INFO 6208 --- [schedula] [restartedMain] .s.d.r.c.RepositoryConfigurationDelegate : Multiple Spring Data modules found, entering strict repository configuration mode
2026-03-11T15:30:53.953+03:00  INFO 6208 --- [schedula] [restartedMain] .s.d.r.c.RepositoryConfigurationDelegate : Bootstrapping Spring Data JPA repositories in DEFAULT mode.
2026-03-11T15:30:54.773+03:00  INFO 6208 --- [schedula] [restartedMain] .s.d.r.c.RepositoryConfigurationDelegate : Finished Spring Data repository scanning in 680 ms. Found 7 JPA repository interfaces.
2026-03-11T15:31:02.001+03:00  INFO 6208 --- [schedula] [restartedMain] o.s.boot.tomcat.TomcatWebServer          : Tomcat initialized with port 8080 (http)
2026-03-11T15:31:02.123+03:00  INFO 6208 --- [schedula] [restartedMain] o.apache.catalina.core.StandardService   : Starting service [Tomcat]
2026-03-11T15:31:02.126+03:00  INFO 6208 --- [schedula] [restartedMain] o.apache.catalina.core.StandardEngine    : Starting Servlet engine: [Apache Tomcat/11.0.14]
2026-03-11T15:31:02.590+03:00  INFO 6208 --- [schedula] [restartedMain] b.w.c.s.WebApplicationContextInitializer : Root WebApplicationContext: initialization completed in 13275 ms
2026-03-11T15:31:05.651+03:00 DEBUG 6208 --- [schedula] [restartedMain] c.s.s.c.Security.RateLimitingFilter      : Filter 'rateLimitingFilter' configured for use
2026-03-11T15:31:05.654+03:00 DEBUG 6208 --- [schedula] [restartedMain] c.s.schedula.config.JWT.JwtFilter        : Filter 'jwtFilter' configured for use
2026-03-11T15:31:06.479+03:00  INFO 6208 --- [schedula] [restartedMain] o.hibernate.jpa.internal.util.LogHelper  : HHH000204: Processing PersistenceUnitInfo [name: default]
2026-03-11T15:31:06.842+03:00  INFO 6208 --- [schedula] [restartedMain] org.hibernate.Version                    : HHH000412: Hibernate ORM core version 7.1.8.Final
2026-03-11T15:31:08.742+03:00  INFO 6208 --- [schedula] [restartedMain] o.s.o.j.p.SpringPersistenceUnitInfo      : No LoadTimeWeaver setup: ignoring JPA class transformer
2026-03-11T15:31:08.828+03:00  INFO 6208 --- [schedula] [restartedMain] com.zaxxer.hikari.HikariDataSource       : HikariPool-1 - Starting...
2026-03-11T15:31:10.669+03:00  INFO 6208 --- [schedula] [restartedMain] com.zaxxer.hikari.pool.HikariPool        : HikariPool-1 - Added connection org.postgresql.jdbc.PgConnection@4c6a43f8
2026-03-11T15:31:10.672+03:00  INFO 6208 --- [schedula] [restartedMain] com.zaxxer.hikari.HikariDataSource       : HikariPool-1 - Start completed.
2026-03-11T15:31:10.950+03:00  INFO 6208 --- [schedula] [restartedMain] org.hibernate.orm.connections.pooling    : HHH10001005: Database info:
	Database JDBC URL [jdbc:postgresql://localhost:5432/SchedulaDB]
	Database driver: PostgreSQL JDBC Driver
	Database dialect: PostgreSQLDialect
	Database version: 17.7
	Default catalog/schema: SchedulaDB/public
	Autocommit mode: undefined/unknown
	Isolation level: READ_COMMITTED [default READ_COMMITTED]
	JDBC fetch size: none
	Pool: DatasourceConnectionProviderImpl
	Minimum pool size: undefined/unknown
	Maximum pool size: undefined/unknown
2026-03-11T15:31:14.998+03:00  INFO 6208 --- [schedula] [restartedMain] o.h.e.t.j.p.i.JtaPlatformInitiator       : HHH000489: No JTA platform available (set 'hibernate.transaction.jta.platform' to enable JTA platform integration)
2026-03-11T15:31:15.008+03:00  INFO 6208 --- [schedula] [restartedMain] org.hibernate.orm.jdbc.batch             : HHH100501: Automatic JDBC statement batching enabled (maximum batch size 20)
2026-03-11T15:31:15.429+03:00 ERROR 6208 --- [schedula] [restartedMain] j.LocalContainerEntityManagerFactoryBean : Failed to initialize JPA EntityManagerFactory: Unable to build Hibernate SessionFactory  [persistence unit: default] ; nested exception is org.hibernate.tool.schema.spi.SchemaManagementException: Schema-validation: missing table [audit_logs]
2026-03-11T15:31:15.432+03:00  WARN 6208 --- [schedula] [restartedMain] ConfigServletWebServerApplicationContext : Exception encountered during context initialization - cancelling refresh attempt: org.springframework.beans.factory.BeanCreationException: Error creating bean with name 'entityManagerFactory' defined in class path resource [org/springframework/boot/hibernate/autoconfigure/HibernateJpaConfiguration.class]: Unable to build Hibernate SessionFactory  [persistence unit: default] ; nested exception is org.hibernate.tool.schema.spi.SchemaManagementException: Schema-validation: missing table [audit_logs]
2026-03-11T15:31:15.438+03:00  INFO 6208 --- [schedula] [restartedMain] com.zaxxer.hikari.HikariDataSource       : HikariPool-1 - Shutdown initiated...
2026-03-11T15:31:15.691+03:00  INFO 6208 --- [schedula] [restartedMain] com.zaxxer.hikari.HikariDataSource       : HikariPool-1 - Shutdown completed.
2026-03-11T15:31:15.737+03:00  INFO 6208 --- [schedula] [restartedMain] o.apache.catalina.core.StandardService   : Stopping service [Tomcat]
2026-03-11T15:31:15.778+03:00  INFO 6208 --- [schedula] [restartedMain] .s.b.a.l.ConditionEvaluationReportLogger : 

Error starting ApplicationContext. To display the condition evaluation report re-run your application with 'debug' enabled.
2026-03-11T15:31:15.841+03:00 ERROR 6208 --- [schedula] [restartedMain] o.s.boot.SpringApplication               : Application run failed

org.springframework.beans.factory.BeanCreationException: Error creating bean with name 'entityManagerFactory' defined in class path resource [org/springframework/boot/hibernate/autoconfigure/HibernateJpaConfiguration.class]: Unable to build Hibernate SessionFactory  [persistence unit: default] ; nested exception is org.hibernate.tool.schema.spi.SchemaManagementException: Schema-validation: missing table [audit_logs]
	at org.springframework.beans.factory.support.AbstractAutowireCapableBeanFactory.initializeBean(AbstractAutowireCapableBeanFactory.java:1817) ~[spring-beans-7.0.1.jar:7.0.1]
	at org.springframework.beans.factory.support.AbstractAutowireCapableBeanFactory.doCreateBean(AbstractAutowireCapableBeanFactory.java:603) ~[spring-beans-7.0.1.jar:7.0.1]
	at org.springframework.beans.factory.support.AbstractAutowireCapableBeanFactory.createBean(AbstractAutowireCapableBeanFactory.java:525) ~[spring-beans-7.0.1.jar:7.0.1]
	at org.springframework.beans.factory.support.AbstractBeanFactory.lambda$doGetBean$0(AbstractBeanFactory.java:333) ~[spring-beans-7.0.1.jar:7.0.1]
	at org.springframework.beans.factory.support.DefaultSingletonBeanRegistry.getSingleton(DefaultSingletonBeanRegistry.java:371) ~[spring-beans-7.0.1.jar:7.0.1]
	at org.springframework.beans.factory.support.AbstractBeanFactory.doGetBean(AbstractBeanFactory.java:331) ~[spring-beans-7.0.1.jar:7.0.1]
	at org.springframework.beans.factory.support.AbstractBeanFactory.getBean(AbstractBeanFactory.java:201) ~[spring-beans-7.0.1.jar:7.0.1]
	at org.springframework.context.support.AbstractApplicationContext.finishBeanFactoryInitialization(AbstractApplicationContext.java:966) ~[spring-context-7.0.1.jar:7.0.1]
	at org.springframework.context.support.AbstractApplicationContext.refresh(AbstractApplicationContext.java:620) ~[spring-context-7.0.1.jar:7.0.1]
	at org.springframework.boot.web.server.servlet.context.ServletWebServerApplicationContext.refresh(ServletWebServerApplicationContext.java:143) ~[spring-boot-web-server-4.0.0.jar:4.0.0]
	at org.springframework.boot.SpringApplication.refresh(SpringApplication.java:765) ~[spring-boot-4.0.0.jar:4.0.0]
	at org.springframework.boot.SpringApplication.refreshContext(SpringApplication.java:454) ~[spring-boot-4.0.0.jar:4.0.0]
	at org.springframework.boot.SpringApplication.run(SpringApplication.java:321) ~[spring-boot-4.0.0.jar:4.0.0]
	at org.springframework.boot.SpringApplication.run(SpringApplication.java:1374) ~[spring-boot-4.0.0.jar:4.0.0]
	at org.springframework.boot.SpringApplication.run(SpringApplication.java:1363) ~[spring-boot-4.0.0.jar:4.0.0]
	at com.schedula.schedula.SchedulaApplication.main(SchedulaApplication.java:14) ~[classes/:na]
	at java.base/jdk.internal.reflect.DirectMethodHandleAccessor.invoke(Unknown Source) ~[na:na]
	at java.base/java.lang.reflect.Method.invoke(Unknown Source) ~[na:na]
	at org.springframework.boot.devtools.restart.RestartLauncher.run(RestartLauncher.java:52) ~[spring-boot-devtools-4.0.0.jar:4.0.0]
Caused by: jakarta.persistence.PersistenceException: Unable to build Hibernate SessionFactory  [persistence unit: default] ; nested exception is org.hibernate.tool.schema.spi.SchemaManagementException: Schema-validation: missing table [audit_logs]
	at org.springframework.orm.jpa.AbstractEntityManagerFactoryBean.buildNativeEntityManagerFactory(AbstractEntityManagerFactoryBean.java:428) ~[spring-orm-7.0.1.jar:7.0.1]
	at org.springframework.orm.jpa.AbstractEntityManagerFactoryBean.afterPropertiesSet(AbstractEntityManagerFactoryBean.java:396) ~[spring-orm-7.0.1.jar:7.0.1]
	at org.springframework.orm.jpa.LocalContainerEntityManagerFactoryBean.afterPropertiesSet(LocalContainerEntityManagerFactoryBean.java:409) ~[spring-orm-7.0.1.jar:7.0.1]
	at org.springframework.beans.factory.support.AbstractAutowireCapableBeanFactory.invokeInitMethods(AbstractAutowireCapableBeanFactory.java:1864) ~[spring-beans-7.0.1.jar:7.0.1]
	at org.springframework.beans.factory.support.AbstractAutowireCapableBeanFactory.initializeBean(AbstractAutowireCapableBeanFactory.java:1813) ~[spring-beans-7.0.1.jar:7.0.1]
	... 18 common frames omitted
Caused by: org.hibernate.tool.schema.spi.SchemaManagementException: Schema-validation: missing table [audit_logs]
	at org.hibernate.tool.schema.internal.AbstractSchemaValidator.validateTable(AbstractSchemaValidator.java:134) ~[hibernate-core-7.1.8.Final.jar:7.1.8.Final]
	at org.hibernate.tool.schema.internal.GroupedSchemaValidatorImpl.validateTables(GroupedSchemaValidatorImpl.java:44) ~[hibernate-core-7.1.8.Final.jar:7.1.8.Final]
	at org.hibernate.tool.schema.internal.AbstractSchemaValidator.performValidation(AbstractSchemaValidator.java:97) ~[hibernate-core-7.1.8.Final.jar:7.1.8.Final]
	at org.hibernate.tool.schema.internal.AbstractSchemaValidator.doValidation(AbstractSchemaValidator.java:75) ~[hibernate-core-7.1.8.Final.jar:7.1.8.Final]
	at org.hibernate.tool.schema.spi.SchemaManagementToolCoordinator.performDatabaseAction(SchemaManagementToolCoordinator.java:276) ~[hibernate-core-7.1.8.Final.jar:7.1.8.Final]
	at org.hibernate.tool.schema.spi.SchemaManagementToolCoordinator.lambda$process$5(SchemaManagementToolCoordinator.java:142) ~[hibernate-core-7.1.8.Final.jar:7.1.8.Final]
	at java.base/java.util.HashMap.forEach(Unknown Source) ~[na:na]
	at org.hibernate.tool.schema.spi.SchemaManagementToolCoordinator.process(SchemaManagementToolCoordinator.java:139) ~[hibernate-core-7.1.8.Final.jar:7.1.8.Final]
	at org.hibernate.boot.internal.SessionFactoryObserverForSchemaExport.sessionFactoryCreated(SessionFactoryObserverForSchemaExport.java:35) ~[hibernate-core-7.1.8.Final.jar:7.1.8.Final]
	at org.hibernate.internal.SessionFactoryObserverChain.sessionFactoryCreated(SessionFactoryObserverChain.java:33) ~[hibernate-core-7.1.8.Final.jar:7.1.8.Final]
	at org.hibernate.internal.SessionFactoryImpl.<init>(SessionFactoryImpl.java:350) ~[hibernate-core-7.1.8.Final.jar:7.1.8.Final]
	at org.hibernate.boot.internal.SessionFactoryBuilderImpl.build(SessionFactoryBuilderImpl.java:436) ~[hibernate-core-7.1.8.Final.jar:7.1.8.Final]
	at org.hibernate.jpa.boot.internal.EntityManagerFactoryBuilderImpl.build(EntityManagerFactoryBuilderImpl.java:1459) ~[hibernate-core-7.1.8.Final.jar:7.1.8.Final]
	at org.springframework.orm.jpa.vendor.SpringHibernateJpaPersistenceProvider.createContainerEntityManagerFactory(SpringHibernateJpaPersistenceProvider.java:66) ~[spring-orm-7.0.1.jar:7.0.1]
	at org.springframework.orm.jpa.LocalContainerEntityManagerFactoryBean.createNativeEntityManagerFactory(LocalContainerEntityManagerFactoryBean.java:433) ~[spring-orm-7.0.1.jar:7.0.1]
	at org.springframework.orm.jpa.AbstractEntityManagerFactoryBean.buildNativeEntityManagerFactory(AbstractEntityManagerFactoryBean.java:416) ~[spring-orm-7.0.1.jar:7.0.1]
	... 22 common frames omitted

2026-03-11T15:35:19.101+03:00  INFO 17104 --- [schedula] [restartedMain] c.schedula.schedula.SchedulaApplication  : Starting SchedulaApplication using Java 21.0.9 with PID 17104 (D:\SpringBootProjects\projectSaaS\Schedula\schedula\target\classes started by pc in D:\SpringBootProjects\projectSaaS\Schedula\schedula)
2026-03-11T15:35:19.106+03:00 DEBUG 17104 --- [schedula] [restartedMain] c.schedula.schedula.SchedulaApplication  : Running with Spring Boot v4.0.0, Spring v7.0.1
2026-03-11T15:35:19.107+03:00  INFO 17104 --- [schedula] [restartedMain] c.schedula.schedula.SchedulaApplication  : No active profile set, falling back to 1 default profile: "default"
2026-03-11T15:35:19.378+03:00  INFO 17104 --- [schedula] [restartedMain] .e.DevToolsPropertyDefaultsPostProcessor : Devtools property defaults active! Set 'spring.devtools.add-properties' to 'false' to disable
2026-03-11T15:35:19.379+03:00  INFO 17104 --- [schedula] [restartedMain] .e.DevToolsPropertyDefaultsPostProcessor : For additional web related logging consider setting the 'logging.level.web' property to 'DEBUG'
2026-03-11T15:35:24.318+03:00  INFO 17104 --- [schedula] [restartedMain] .s.d.r.c.RepositoryConfigurationDelegate : Multiple Spring Data modules found, entering strict repository configuration mode
2026-03-11T15:35:24.321+03:00  INFO 17104 --- [schedula] [restartedMain] .s.d.r.c.RepositoryConfigurationDelegate : Bootstrapping Spring Data JPA repositories in DEFAULT mode.
2026-03-11T15:35:25.206+03:00  INFO 17104 --- [schedula] [restartedMain] .s.d.r.c.RepositoryConfigurationDelegate : Finished Spring Data repository scanning in 745 ms. Found 7 JPA repository interfaces.
2026-03-11T15:35:32.708+03:00  INFO 17104 --- [schedula] [restartedMain] o.s.boot.tomcat.TomcatWebServer          : Tomcat initialized with port 8080 (http)
2026-03-11T15:35:32.733+03:00  INFO 17104 --- [schedula] [restartedMain] o.apache.catalina.core.StandardService   : Starting service [Tomcat]
2026-03-11T15:35:32.734+03:00  INFO 17104 --- [schedula] [restartedMain] o.apache.catalina.core.StandardEngine    : Starting Servlet engine: [Apache Tomcat/11.0.14]
2026-03-11T15:35:32.872+03:00  INFO 17104 --- [schedula] [restartedMain] b.w.c.s.WebApplicationContextInitializer : Root WebApplicationContext: initialization completed in 13489 ms
2026-03-11T15:35:35.423+03:00 DEBUG 17104 --- [schedula] [restartedMain] c.s.s.c.Security.RateLimitingFilter      : Filter 'rateLimitingFilter' configured for use
2026-03-11T15:35:35.425+03:00 DEBUG 17104 --- [schedula] [restartedMain] c.s.schedula.config.JWT.JwtFilter        : Filter 'jwtFilter' configured for use
2026-03-11T15:35:36.138+03:00  INFO 17104 --- [schedula] [restartedMain] o.hibernate.jpa.internal.util.LogHelper  : HHH000204: Processing PersistenceUnitInfo [name: default]
2026-03-11T15:35:36.459+03:00  INFO 17104 --- [schedula] [restartedMain] org.hibernate.Version                    : HHH000412: Hibernate ORM core version 7.1.8.Final
2026-03-11T15:35:39.559+03:00  INFO 17104 --- [schedula] [restartedMain] o.s.o.j.p.SpringPersistenceUnitInfo      : No LoadTimeWeaver setup: ignoring JPA class transformer
2026-03-11T15:35:39.723+03:00  INFO 17104 --- [schedula] [restartedMain] com.zaxxer.hikari.HikariDataSource       : HikariPool-1 - Starting...
2026-03-11T15:35:40.298+03:00  INFO 17104 --- [schedula] [restartedMain] com.zaxxer.hikari.pool.HikariPool        : HikariPool-1 - Added connection org.postgresql.jdbc.PgConnection@5051cf6d
2026-03-11T15:35:40.300+03:00  INFO 17104 --- [schedula] [restartedMain] com.zaxxer.hikari.HikariDataSource       : HikariPool-1 - Start completed.
2026-03-11T15:35:40.451+03:00  INFO 17104 --- [schedula] [restartedMain] org.hibernate.orm.connections.pooling    : HHH10001005: Database info:
	Database JDBC URL [jdbc:postgresql://localhost:5432/SchedulaDB]
	Database driver: PostgreSQL JDBC Driver
	Database dialect: PostgreSQLDialect
	Database version: 17.7
	Default catalog/schema: SchedulaDB/public
	Autocommit mode: undefined/unknown
	Isolation level: READ_COMMITTED [default READ_COMMITTED]
	JDBC fetch size: none
	Pool: DatasourceConnectionProviderImpl
	Minimum pool size: undefined/unknown
	Maximum pool size: undefined/unknown
2026-03-11T15:35:44.478+03:00  INFO 17104 --- [schedula] [restartedMain] o.h.e.t.j.p.i.JtaPlatformInitiator       : HHH000489: No JTA platform available (set 'hibernate.transaction.jta.platform' to enable JTA platform integration)
2026-03-11T15:35:44.497+03:00  INFO 17104 --- [schedula] [restartedMain] org.hibernate.orm.jdbc.batch             : HHH100501: Automatic JDBC statement batching enabled (maximum batch size 20)
2026-03-11T15:35:45.406+03:00  INFO 17104 --- [schedula] [restartedMain] j.LocalContainerEntityManagerFactoryBean : Initialized JPA EntityManagerFactory for persistence unit 'default'
2026-03-11T15:35:45.868+03:00  INFO 17104 --- [schedula] [restartedMain] o.s.d.j.r.query.QueryEnhancerFactories   : Hibernate is in classpath; If applicable, HQL parser will be used.
2026-03-11T15:35:47.897+03:00  INFO 17104 --- [schedula] [restartedMain] eAuthenticationProviderManagerConfigurer : Global AuthenticationManager configured with AuthenticationProvider bean with name authenticationProvider
2026-03-11T15:35:47.900+03:00  WARN 17104 --- [schedula] [restartedMain] r$InitializeUserDetailsManagerConfigurer : Global AuthenticationManager configured with an AuthenticationProvider bean. UserDetailsService beans will not be used by Spring Security for automatically configuring username/password login. Consider removing the AuthenticationProvider bean. Alternatively, consider using the UserDetailsService in a manually instantiated DaoAuthenticationProvider. If the current configuration is intentional, to turn off this warning, increase the logging level of 'org.springframework.security.config.annotation.authentication.configuration.InitializeUserDetailsBeanManagerConfigurer' to ERROR
2026-03-11T15:35:54.245+03:00  INFO 17104 --- [schedula] [restartedMain] o.s.b.a.e.web.EndpointLinksResolver      : Exposing 4 endpoints beneath base path '/actuator'
2026-03-11T15:35:54.475+03:00  INFO 17104 --- [schedula] [restartedMain] o.s.boot.tomcat.TomcatWebServer          : Tomcat started on port 8080 (http) with context path '/'
2026-03-11T15:35:54.493+03:00  INFO 17104 --- [schedula] [restartedMain] c.schedula.schedula.SchedulaApplication  : Started SchedulaApplication in 37.482 seconds (process running for 39.773)
2026-03-11T15:35:54.536+03:00  WARN 17104 --- [schedula] [restartedMain] o.s.core.events.SpringDocAppInitializer  : SpringDoc /v3/api-docs endpoint is enabled by default. To disable it in production, set the property 'springdoc.api-docs.enabled=false'
2026-03-11T15:35:54.536+03:00  WARN 17104 --- [schedula] [restartedMain] o.s.core.events.SpringDocAppInitializer  : SpringDoc /swagger-ui.html endpoint is enabled by default. To disable it in production, set the property 'springdoc.swagger-ui.enabled=false'
